#
# A fatal error has been detected by the Java Runtime Environment:
#
#  EXCEPTION_ACCESS_VIOLATION (0xc0000005) at pc=0x00000000661181cb, pid=6104, tid=7296
#
# JRE version: 7.0_25-b17
# Java VM: Java HotSpot(TM) 64-Bit Server VM (23.25-b01 mixed mode windows-amd64 compressed oops)
# Problematic frame:
# V  [jvm.dll+0x1181cb]
#
# Failed to write core dump. Minidumps are not enabled by default on client versions of Windows
#
# If you would like to submit a bug report, please visit:
#   http://bugreport.sun.com/bugreport/crash.jsp
#

---------------  T H R E A D  ---------------

Current thread (0x0000000009ef4800):  JavaThread "JDWP Transport Listener: dt_socket" daemon [_thread_in_vm, id=7296, stack(0x000000000ba90000,0x000000000bb90000)]

siginfo: ExceptionCode=0xc0000005, reading address 0xffffffffffffffff

Registers:
RAX=0x000000000bb8f801, RBX=0x0000000009ef4800, RCX=0x00ac1dac03ac0405, RDX=0x0000000000000000
RSP=0x000000000bb8f890, RBP=0x00ac1dac03ac0405, RSI=0x000000000bb8f9a8, RDI=0x00000000000eaab0
R8 =0x0000000009ef4800, R9 =0x000023d50002000b, R10=0x0000000000000000, R11=0x000000000c707f9f
R12=0x0000000000000000, R13=0x0000000000000000, R14=0x0000000000000000, R15=0x0000000000000000
RIP=0x00000000661181cb, EFLAGS=0x0000000000010206

Top of Stack: (sp=0x000000000bb8f890)
0x000000000bb8f890:   0000000009ef4800 0000000000000018
0x000000000bb8f8a0:   000000000bb8f958 0000000066299649
0x000000000bb8f8b0:   0000000009ef4800 00000000662b5012
0x000000000bb8f8c0:   0000000000000000 000000006e0d8e7d
0x000000000bb8f8d0:   000000000dabc6f0 000000006e0e264e
0x000000000bb8f8e0:   0000000009ef4800 0000000000000000
0x000000000bb8f8f0:   0000000000000000 0000000000000000
0x000000000bb8f900:   00ac1dac03ac0405 000000006e0e1745
0x000000000bb8f910:   000000000bb8f9a8 000000000bb8f980
0x000000000bb8f920:   0000000000000001 000000000dabc6f0
0x000000000bb8f930:   00ac1dac03ac0405 000000006e0c53b3
0x000000000bb8f940:   000000000bb8fa70 0000000000000001
0x000000000bb8f950:   0000000000000001 000000000dabc6f0
0x000000000bb8f960:   000000000000000a 0000000000000000
0x000000000bb8f970:   0000000000000000 0000000000000000
0x000000000bb8f980:   0000000000000001 000000006e0c5571 

Instructions: (pc=0x00000000661181cb)
0x00000000661181ab:   48 8b 5c 24 30 48 89 47 18 48 83 c4 20 5f c3 cc
0x00000000661181bb:   cc cc cc cc cc 40 53 48 83 ec 20 48 85 c9 74 54
0x00000000661181cb:   48 8b 19 48 85 db 74 4c 48 b8 fe fe fe fe fe fe
0x00000000661181db:   fe fe 48 3b d8 74 3d 80 3d af 4b 58 00 00 74 15 


Register to memory mapping:

RAX=0x000000000bb8f801 is pointing into the stack for thread: 0x0000000009ef4800
RBX=0x0000000009ef4800 is a thread
RCX=0x00ac1dac03ac0405 is an unknown value
RDX=0x0000000000000000 is an unknown value
RSP=0x000000000bb8f890 is pointing into the stack for thread: 0x0000000009ef4800
RBP=0x00ac1dac03ac0405 is an unknown value
RSI=0x000000000bb8f9a8 is pointing into the stack for thread: 0x0000000009ef4800
RDI=0x00000000000eaab0 is an unknown value
R8 =0x0000000009ef4800 is a thread
R9 =0x000023d50002000b is an unknown value
R10=0x0000000000000000 is an unknown value
R11=0x000000000c707f9f is an unknown value
R12=0x0000000000000000 is an unknown value
R13=0x0000000000000000 is an unknown value
R14=0x0000000000000000 is an unknown value
R15=0x0000000000000000 is an unknown value


Stack: [0x000000000ba90000,0x000000000bb90000],  sp=0x000000000bb8f890,  free space=1022k
Native frames: (J=compiled Java code, j=interpreted, Vv=VM code, C=native code)
V  [jvm.dll+0x1181cb]


---------------  P R O C E S S  ---------------

Java Threads: ( => current thread )
  0x000000000e23c000 JavaThread "J3D-InputDeviceScheduler-1" [_thread_blocked, id=6788, stack(0x0000000018fc0000,0x00000000190c0000)]
  0x000000000c963800 JavaThread "J3D-SoundSchedulerUpdateThread-1" [_thread_blocked, id=8480, stack(0x00000000196c0000,0x00000000197c0000)]
  0x000000000c963000 JavaThread "J3D-RenderStructureUpdateThread-1" [_thread_blocked, id=8628, stack(0x00000000194b0000,0x00000000195b0000)]
  0x000000000c962000 JavaThread "J3D-BehaviorScheduler-1" [_thread_blocked, id=4484, stack(0x0000000019370000,0x0000000019470000)]
  0x000000000c961800 JavaThread "J3D-TransformStructureUpdateThread-1" [_thread_blocked, id=8708, stack(0x0000000019250000,0x0000000019350000)]
  0x000000000c960800 JavaThread "J3D-RenderingEnvironmentStructureUpdateThread-1" [_thread_blocked, id=8996, stack(0x00000000190c0000,0x00000000191c0000)]
  0x000000000c960000 JavaThread "J3D-SoundStructureUpdateThread-1" [_thread_blocked, id=7808, stack(0x0000000018ec0000,0x0000000018fc0000)]
  0x000000000c95f000 JavaThread "J3D-GeometryStructureUpdateThread-1" [_thread_blocked, id=8728, stack(0x00000000104d0000,0x00000000105d0000)]
  0x000000000c95e800 JavaThread "J3D-BehaviorStructureUpdateThread-1" [_thread_blocked, id=6720, stack(0x0000000010230000,0x0000000010330000)]
  0x000000000c95d800 JavaThread "J3D-Renderer-1" [_thread_blocked, id=6072, stack(0x0000000014d10000,0x0000000014e10000)]
  0x000000000c95d000 JavaThread "J3D-MasterControl-1" [_thread_blocked, id=9208, stack(0x0000000014ff0000,0x00000000150f0000)]
  0x000000000c95c000 JavaThread "J3D-NotificationThread" [_thread_blocked, id=7396, stack(0x0000000014e70000,0x0000000014f70000)]
  0x000000000c95b800 JavaThread "J3D-TimerThread" [_thread_blocked, id=8600, stack(0x0000000014c10000,0x0000000014d10000)]
  0x000000000c95a800 JavaThread "J3D-RenderingAttributesStructureUpdateThread" [_thread_blocked, id=7836, stack(0x0000000014af0000,0x0000000014bf0000)]
  0x000000000c95a000 JavaThread "D3D Screen Updater" daemon [_thread_blocked, id=7184, stack(0x0000000011fa0000,0x00000000120a0000)]
  0x000000000c959000 JavaThread "TimerQueue" daemon [_thread_blocked, id=7924, stack(0x0000000010fe0000,0x00000000110e0000)]
  0x000000000c957000 JavaThread "DestroyJavaVM" [_thread_blocked, id=8292, stack(0x0000000002600000,0x0000000002700000)]
  0x000000000c955800 JavaThread "Thread-2" [_thread_blocked, id=5788, stack(0x000000000e2f0000,0x000000000e3f0000)]
  0x000000000c90c800 JavaThread "com.evelopers.common.concurrent.AbstractQueue$EventPump-0" daemon [_thread_blocked, id=7504, stack(0x000000000d5e0000,0x000000000d6e0000)]
  0x000000000c85c000 JavaThread "AWT-EventQueue-0" [_thread_blocked, id=8780, stack(0x000000000cdf0000,0x000000000cef0000)]
  0x000000000c84b000 JavaThread "AWT-Windows" daemon [_thread_in_native, id=5280, stack(0x000000000ccc0000,0x000000000cdc0000)]
  0x000000000c84a800 JavaThread "AWT-Shutdown" [_thread_blocked, id=8040, stack(0x000000000c120000,0x000000000c220000)]
  0x000000000c84a000 JavaThread "Java2D Disposer" daemon [_thread_blocked, id=8652, stack(0x000000000ca50000,0x000000000cb50000)]
  0x0000000009f1c800 JavaThread "Service Thread" daemon [_thread_blocked, id=7964, stack(0x000000000c3f0000,0x000000000c4f0000)]
  0x0000000009f14000 JavaThread "C2 CompilerThread1" daemon [_thread_blocked, id=8644, stack(0x000000000c230000,0x000000000c330000)]
  0x0000000009f0e800 JavaThread "C2 CompilerThread0" daemon [_thread_blocked, id=6384, stack(0x000000000bff0000,0x000000000c0f0000)]
  0x0000000009efd800 JavaThread "JDWP Command Reader" daemon [_thread_in_native, id=5164, stack(0x000000000be90000,0x000000000bf90000)]
  0x0000000009efd000 JavaThread "JDWP Event Helper Thread" daemon [_thread_blocked, id=6116, stack(0x000000000bc80000,0x000000000bd80000)]
=>0x0000000009ef4800 JavaThread "JDWP Transport Listener: dt_socket" daemon [_thread_in_vm, id=7296, stack(0x000000000ba90000,0x000000000bb90000)]
  0x0000000009eed800 JavaThread "Attach Listener" daemon [_thread_blocked, id=9048, stack(0x000000000b250000,0x000000000b350000)]
  0x0000000009ee6800 JavaThread "Signal Dispatcher" daemon [_thread_blocked, id=9004, stack(0x000000000b120000,0x000000000b220000)]
  0x00000000022ac800 JavaThread "Finalizer" daemon [_thread_blocked, id=7716, stack(0x000000000ac50000,0x000000000ad50000)]
  0x00000000022a6000 JavaThread "Reference Handler" daemon [_thread_blocked, id=7236, stack(0x000000000aeb0000,0x000000000afb0000)]

Other Threads:
  0x0000000009e63800 VMThread [stack: 0x000000000ad80000,0x000000000ae80000] [id=1728]
  0x0000000009f25800 WatcherThread [stack: 0x000000000c520000,0x000000000c620000] [id=1732]

VM state:not at safepoint (normal execution)

VM Mutex/Monitor currently owned by a thread: None

Heap
 PSYoungGen      total 245184K, used 32333K [0x00000000e2c00000, 0x00000000f36f0000, 0x0000000100000000)
  eden space 234048K, 12% used [0x00000000e2c00000,0x00000000e481a4d8,0x00000000f1090000)
  from space 11136K, 31% used [0x00000000f2c10000,0x00000000f2f890e8,0x00000000f36f0000)
  to   space 19648K, 0% used [0x00000000f1090000,0x00000000f1090000,0x00000000f23c0000)
 ParOldGen       total 93760K, used 51649K [0x00000000a8400000, 0x00000000adf90000, 0x00000000e2c00000)
  object space 93760K, 55% used [0x00000000a8400000,0x00000000ab670778,0x00000000adf90000)
 PSPermGen       total 46016K, used 23531K [0x00000000a3200000, 0x00000000a5ef0000, 0x00000000a8400000)
  object space 46016K, 51% used [0x00000000a3200000,0x00000000a48fadf0,0x00000000a5ef0000)

Card table byte_map: [0x0000000005700000,0x00000000059f0000] byte_map_base: 0x00000000051e7000

Polling page: 0x0000000000230000

Code Cache  [0x0000000002700000, 0x0000000002970000, 0x0000000005700000)
 total_blobs=1237 nmethods=567 adapters=629 free_code_cache=46862Kb largest_free_block=47914304

Compilation events (10 events):
Event: 38.651 Thread 0x0000000009f0e800  568             java.lang.ref.WeakReference::<init> (7 bytes)
Event: 38.652 Thread 0x0000000009f0e800 nmethod 568 0x0000000002936150 code [0x0000000002936280, 0x0000000002936318]
Event: 39.388 Thread 0x0000000009f14000  569             javax.swing.JComponent::repaint (16 bytes)
Event: 39.396 Thread 0x0000000009f14000 nmethod 569 0x0000000002911210 code [0x00000000029113c0, 0x0000000002911920]
Event: 65.439 Thread 0x0000000009f0e800    8 % !         sun.java2d.d3d.D3DScreenUpdateManager::run @ 105 (267 bytes)
Event: 65.524 Thread 0x0000000009f0e800 nmethod 8% 0x0000000002947f90 code [0x0000000002948360, 0x000000000294b4a0]
Event: 2704.786 Thread 0x0000000009f14000  570             java.awt.EventQueue::getNextEventPrivate (76 bytes)
Event: 2704.792 Thread 0x0000000009f14000 nmethod 570 0x0000000002910a50 code [0x0000000002910ba0, 0x0000000002910f08]
Event: 3394.269 Thread 0x0000000009f0e800  571             sun.awt.AWTAutoShutdown::getInstance (4 bytes)
Event: 3394.270 Thread 0x0000000009f0e800 nmethod 571 0x000000000290f550 code [0x000000000290f680, 0x000000000290f6d8]

GC Heap History (10 events):
Event: 7.947 GC heap before
{Heap before GC invocations=11 (full 1):
 PSYoungGen      total 129600K, used 107406K [0x00000000e2c00000, 0x00000000ee350000, 0x0000000100000000)
  eden space 104768K, 100% used [0x00000000e2c00000,0x00000000e9250000,0x00000000e9250000)
  from space 24832K, 10% used [0x00000000e9250000,0x00000000e94e3848,0x00000000eaa90000)
  to   space 24128K, 0% used [0x00000000ecbc0000,0x00000000ecbc0000,0x00000000ee350000)
 ParOldGen       total 93760K, used 49375K [0x00000000a8400000, 0x00000000adf90000, 0x00000000e2c00000)
  object space 93760K, 52% used [0x00000000a8400000,0x00000000ab437da8,0x00000000adf90000)
 PSPermGen       total 46016K, used 23116K [0x00000000a3200000, 0x00000000a5ef0000, 0x00000000a8400000)
  object space 46016K, 50% used [0x00000000a3200000,0x00000000a4893398,0x00000000a5ef0000)
Event: 7.972 GC heap after
Heap after GC invocations=11 (full 1):
 PSYoungGen      total 162432K, used 2312K [0x00000000e2c00000, 0x00000000ee220000, 0x0000000100000000)
  eden space 139520K, 0% used [0x00000000e2c00000,0x00000000e2c00000,0x00000000eb440000)
  from space 22912K, 10% used [0x00000000ecbc0000,0x00000000ece02200,0x00000000ee220000)
  to   space 23488K, 0% used [0x00000000eb440000,0x00000000eb440000,0x00000000ecb30000)
 ParOldGen       total 93760K, used 49431K [0x00000000a8400000, 0x00000000adf90000, 0x00000000e2c00000)
  object space 93760K, 52% used [0x00000000a8400000,0x00000000ab445da8,0x00000000adf90000)
 PSPermGen       total 46016K, used 23116K [0x00000000a3200000, 0x00000000a5ef0000, 0x00000000a8400000)
  object space 46016K, 50% used [0x00000000a3200000,0x00000000a4893398,0x00000000a5ef0000)
}
Event: 8.712 GC heap before
{Heap before GC invocations=12 (full 1):
 PSYoungGen      total 162432K, used 141832K [0x00000000e2c00000, 0x00000000ee220000, 0x0000000100000000)
  eden space 139520K, 100% used [0x00000000e2c00000,0x00000000eb440000,0x00000000eb440000)
  from space 22912K, 10% used [0x00000000ecbc0000,0x00000000ece02200,0x00000000ee220000)
  to   space 23488K, 0% used [0x00000000eb440000,0x00000000eb440000,0x00000000ecb30000)
 ParOldGen       total 93760K, used 49432K [0x00000000a8400000, 0x00000000adf90000, 0x00000000e2c00000)
  object space 93760K, 52% used [0x00000000a8400000,0x00000000ab446360,0x00000000adf90000)
 PSPermGen       total 46016K, used 23140K [0x00000000a3200000, 0x00000000a5ef0000, 0x00000000a8400000)
  object space 46016K, 50% used [0x00000000a3200000,0x00000000a48990e8,0x00000000a5ef0000)
Event: 8.742 GC heap after
Heap after GC invocations=12 (full 1):
 PSYoungGen      total 163008K, used 4053K [0x00000000e2c00000, 0x00000000f0e40000, 0x0000000100000000)
  eden space 139520K, 0% used [0x00000000e2c00000,0x00000000e2c00000,0x00000000eb440000)
  from space 23488K, 17% used [0x00000000eb440000,0x00000000eb835768,0x00000000ecb30000)
  to   space 22464K, 0% used [0x00000000ef850000,0x00000000ef850000,0x00000000f0e40000)
 ParOldGen       total 93760K, used 50120K [0x00000000a8400000, 0x00000000adf90000, 0x00000000e2c00000)
  object space 93760K, 53% used [0x00000000a8400000,0x00000000ab4f2380,0x00000000adf90000)
 PSPermGen       total 46016K, used 23140K [0x00000000a3200000, 0x00000000a5ef0000, 0x00000000a8400000)
  object space 46016K, 50% used [0x00000000a3200000,0x00000000a48990e8,0x00000000a5ef0000)
}
Event: 9.488 GC heap before
{Heap before GC invocations=13 (full 1):
 PSYoungGen      total 163008K, used 143573K [0x00000000e2c00000, 0x00000000f0e40000, 0x0000000100000000)
  eden space 139520K, 100% used [0x00000000e2c00000,0x00000000eb440000,0x00000000eb440000)
  from space 23488K, 17% used [0x00000000eb440000,0x00000000eb835768,0x00000000ecb30000)
  to   space 22464K, 0% used [0x00000000ef850000,0x00000000ef850000,0x00000000f0e40000)
 ParOldGen       total 93760K, used 50120K [0x00000000a8400000, 0x00000000adf90000, 0x00000000e2c00000)
  object space 93760K, 53% used [0x00000000a8400000,0x00000000ab4f2380,0x00000000adf90000)
 PSPermGen       total 46016K, used 23156K [0x00000000a3200000, 0x00000000a5ef0000, 0x00000000a8400000)
  object space 46016K, 50% used [0x00000000a3200000,0x00000000a489d210,0x00000000a5ef0000)
Event: 9.505 GC heap after
Heap after GC invocations=13 (full 1):
 PSYoungGen      total 203840K, used 2549K [0x00000000e2c00000, 0x00000000f0ae0000, 0x0000000100000000)
  eden space 184832K, 0% used [0x00000000e2c00000,0x00000000e2c00000,0x00000000ee080000)
  from space 19008K, 13% used [0x00000000ef850000,0x00000000efacd468,0x00000000f0ae0000)
  to   space 21696K, 0% used [0x00000000ee080000,0x00000000ee080000,0x00000000ef5b0000)
 ParOldGen       total 93760K, used 51505K [0x00000000a8400000, 0x00000000adf90000, 0x00000000e2c00000)
  object space 93760K, 54% used [0x00000000a8400000,0x00000000ab64c778,0x00000000adf90000)
 PSPermGen       total 46016K, used 23156K [0x00000000a3200000, 0x00000000a5ef0000, 0x00000000a8400000)
  object space 46016K, 50% used [0x00000000a3200000,0x00000000a489d210,0x00000000a5ef0000)
}
Event: 10.518 GC heap before
{Heap before GC invocations=14 (full 1):
 PSYoungGen      total 203840K, used 187381K [0x00000000e2c00000, 0x00000000f0ae0000, 0x0000000100000000)
  eden space 184832K, 100% used [0x00000000e2c00000,0x00000000ee080000,0x00000000ee080000)
  from space 19008K, 13% used [0x00000000ef850000,0x00000000efacd468,0x00000000f0ae0000)
  to   space 21696K, 0% used [0x00000000ee080000,0x00000000ee080000,0x00000000ef5b0000)
 ParOldGen       total 93760K, used 51505K [0x00000000a8400000, 0x00000000adf90000, 0x00000000e2c00000)
  object space 93760K, 54% used [0x00000000a8400000,0x00000000ab64c778,0x00000000adf90000)
 PSPermGen       total 46016K, used 23184K [0x00000000a3200000, 0x00000000a5ef0000, 0x00000000a8400000)
  object space 46016K, 50% used [0x00000000a3200000,0x00000000a48a43b0,0x00000000a5ef0000)
Event: 10.537 GC heap after
Heap after GC invocations=14 (full 1):
 PSYoungGen      total 206528K, used 4090K [0x00000000e2c00000, 0x00000000f4030000, 0x0000000100000000)
  eden space 184832K, 0% used [0x00000000e2c00000,0x00000000e2c00000,0x00000000ee080000)
  from space 21696K, 18% used [0x00000000ee080000,0x00000000ee47ea10,0x00000000ef5b0000)
  to   space 20608K, 0% used [0x00000000f2c10000,0x00000000f2c10000,0x00000000f4030000)
 ParOldGen       total 93760K, used 51569K [0x00000000a8400000, 0x00000000adf90000, 0x00000000e2c00000)
  object space 93760K, 55% used [0x00000000a8400000,0x00000000ab65c778,0x00000000adf90000)
 PSPermGen       total 46016K, used 23184K [0x00000000a3200000, 0x00000000a5ef0000, 0x00000000a8400000)
  object space 46016K, 50% used [0x00000000a3200000,0x00000000a48a43b0,0x00000000a5ef0000)
}
Event: 24.098 GC heap before
{Heap before GC invocations=15 (full 1):
 PSYoungGen      total 206528K, used 188891K [0x00000000e2c00000, 0x00000000f4030000, 0x0000000100000000)
  eden space 184832K, 99% used [0x00000000e2c00000,0x00000000ee078488,0x00000000ee080000)
  from space 21696K, 18% used [0x00000000ee080000,0x00000000ee47ea10,0x00000000ef5b0000)
  to   space 20608K, 0% used [0x00000000f2c10000,0x00000000f2c10000,0x00000000f4030000)
 ParOldGen       total 93760K, used 51569K [0x00000000a8400000, 0x00000000adf90000, 0x00000000e2c00000)
  object space 93760K, 55% used [0x00000000a8400000,0x00000000ab65c778,0x00000000adf90000)
 PSPermGen       total 46016K, used 23262K [0x00000000a3200000, 0x00000000a5ef0000, 0x00000000a8400000)
  object space 46016K, 50% used [0x00000000a3200000,0x00000000a48b7ac8,0x00000000a5ef0000)
Event: 24.112 GC heap after
Heap after GC invocations=15 (full 1):
 PSYoungGen      total 245184K, used 3556K [0x00000000e2c00000, 0x00000000f36f0000, 0x0000000100000000)
  eden space 234048K, 0% used [0x00000000e2c00000,0x00000000e2c00000,0x00000000f1090000)
  from space 11136K, 31% used [0x00000000f2c10000,0x00000000f2f890e8,0x00000000f36f0000)
  to   space 19648K, 0% used [0x00000000f1090000,0x00000000f1090000,0x00000000f23c0000)
 ParOldGen       total 93760K, used 51649K [0x00000000a8400000, 0x00000000adf90000, 0x00000000e2c00000)
  object space 93760K, 55% used [0x00000000a8400000,0x00000000ab670778,0x00000000adf90000)
 PSPermGen       total 46016K, used 23262K [0x00000000a3200000, 0x00000000a5ef0000, 0x00000000a8400000)
  object space 46016K, 50% used [0x00000000a3200000,0x00000000a48b7ac8,0x00000000a5ef0000)
}

Deoptimization events (10 events):
Event: 191.016 Thread 0x000000000c961800 Uncommon trap -34 fr.pc 0x00000000029158b8
Event: 191.016 Thread 0x000000000c961800 Uncommon trap -34 fr.pc 0x00000000029158b8
Event: 3394.222 Thread 0x000000000c85c000 Uncommon trap -83 fr.pc 0x0000000002869d90
Event: 3394.222 Thread 0x000000000c85c000 Uncommon trap -58 fr.pc 0x00000000028def2c
Event: 3394.222 Thread 0x000000000c85c000 Uncommon trap -58 fr.pc 0x00000000028def2c
Event: 3394.225 Thread 0x000000000c85c000 Uncommon trap -58 fr.pc 0x00000000028def2c
Event: 3394.225 Thread 0x000000000c85c000 Uncommon trap -58 fr.pc 0x00000000028f2fc4
Event: 3394.225 Thread 0x000000000c85c000 Uncommon trap -58 fr.pc 0x00000000028f0e98
Event: 3394.225 Thread 0x000000000c85c000 Uncommon trap -58 fr.pc 0x00000000028def2c
Event: 3394.248 Thread 0x000000000c85c000 Uncommon trap -83 fr.pc 0x00000000028acb64

Internal exceptions (10 events):
Event: 256.012 Thread 0x000000000c85c000 Threw 0x00000000e415a910 at C:\jdk7u2_64p\jdk7u25\hotspot\src\share\vm\prims\jvm.cpp:1235
Event: 256.017 Thread 0x000000000c85c000 Threw 0x00000000e4172c80 at C:\jdk7u2_64p\jdk7u25\hotspot\src\share\vm\prims\jvm.cpp:1235
Event: 256.020 Thread 0x000000000c85c000 Threw 0x00000000e417afe8 at C:\jdk7u2_64p\jdk7u25\hotspot\src\share\vm\prims\jvm.cpp:1235
Event: 256.021 Thread 0x000000000c85c000 Threw 0x00000000e417e470 at C:\jdk7u2_64p\jdk7u25\hotspot\src\share\vm\prims\jvm.cpp:1235
Event: 256.022 Thread 0x000000000c85c000 Threw 0x00000000e4186f88 at C:\jdk7u2_64p\jdk7u25\hotspot\src\share\vm\prims\jvm.cpp:1235
Event: 256.023 Thread 0x000000000c85c000 Threw 0x00000000e418e8a0 at C:\jdk7u2_64p\jdk7u25\hotspot\src\share\vm\prims\jvm.cpp:1235
Event: 256.026 Thread 0x000000000c85c000 Threw 0x00000000e4196578 at C:\jdk7u2_64p\jdk7u25\hotspot\src\share\vm\prims\jvm.cpp:1235
Event: 256.034 Thread 0x000000000c85c000 Threw 0x00000000e419a350 at C:\jdk7u2_64p\jdk7u25\hotspot\src\share\vm\prims\jvm.cpp:1235
Event: 256.035 Thread 0x000000000c85c000 Threw 0x00000000e41b4dc0 at C:\jdk7u2_64p\jdk7u25\hotspot\src\share\vm\prims\jvm.cpp:1235
Event: 256.036 Thread 0x000000000c85c000 Threw 0x00000000e41b8018 at C:\jdk7u2_64p\jdk7u25\hotspot\src\share\vm\prims\jvm.cpp:1235

Events (10 events):
Event: 3394.225 Thread 0x000000000c85c000 DEOPT PACKING pc=0x00000000028f2fc4 sp=0x000000000ceec8d0
Event: 3394.225 Thread 0x000000000c85c000 DEOPT UNPACKING pc=0x0000000002739164 sp=0x000000000ceec800 mode 2
Event: 3394.225 Thread 0x000000000c85c000 DEOPT PACKING pc=0x00000000028f0e98 sp=0x000000000ceec850
Event: 3394.225 Thread 0x000000000c85c000 DEOPT UNPACKING pc=0x0000000002739164 sp=0x000000000ceec7f8 mode 2
Event: 3394.225 Thread 0x000000000c85c000 DEOPT PACKING pc=0x00000000028def2c sp=0x000000000ceec800
Event: 3394.225 Thread 0x000000000c85c000 DEOPT UNPACKING pc=0x0000000002739164 sp=0x000000000ceec800 mode 2
Event: 3394.248 Thread 0x000000000c85c000 DEOPT PACKING pc=0x00000000028acb64 sp=0x000000000ceee1c0
Event: 3394.248 Thread 0x000000000c85c000 DEOPT UNPACKING pc=0x0000000002739164 sp=0x000000000ceee200 mode 2
Event: 4078.482 Executing VM operation: RedefineClasses
Event: 4078.502 Executing VM operation: RedefineClasses done


Dynamic libraries:
0x000000013fba0000 - 0x000000013fbd3000 	C:\Program Files\Java\jre7\bin\javaw.exe
0x0000000077650000 - 0x00000000777f9000 	C:\Windows\SYSTEM32\ntdll.dll
0x0000000077530000 - 0x000000007764f000 	C:\Windows\system32\kernel32.dll
0x000007fefc6c0000 - 0x000007fefc72c000 	C:\Windows\system32\KERNELBASE.dll
0x000007fefea40000 - 0x000007fefeb1b000 	C:\Windows\system32\ADVAPI32.dll
0x000007fefce40000 - 0x000007fefcedf000 	C:\Windows\system32\msvcrt.dll
0x000007fefcee0000 - 0x000007fefceff000 	C:\Windows\SYSTEM32\sechost.dll
0x000007fefdf20000 - 0x000007fefe04d000 	C:\Windows\system32\RPCRT4.dll
0x0000000077430000 - 0x000000007752a000 	C:\Windows\system32\USER32.dll
0x000007fefe7c0000 - 0x000007fefe827000 	C:\Windows\system32\GDI32.dll
0x000007fefec20000 - 0x000007fefec2e000 	C:\Windows\system32\LPK.dll
0x000007fefcb80000 - 0x000007fefcc49000 	C:\Windows\system32\USP10.dll
0x000007fefb1e0000 - 0x000007fefb3d4000 	C:\Windows\WinSxS\amd64_microsoft.windows.common-controls_6595b64144ccf1df_6.0.7601.17514_none_fa396087175ac9ac\COMCTL32.dll
0x000007fefe140000 - 0x000007fefe1b1000 	C:\Windows\system32\SHLWAPI.dll
0x000007fefccb0000 - 0x000007fefccde000 	C:\Windows\system32\IMM32.DLL
0x000007fefe6b0000 - 0x000007fefe7b9000 	C:\Windows\system32\MSCTF.dll
0x000000006e480000 - 0x000000006e551000 	C:\Program Files\Java\jre7\bin\msvcr100.dll
0x0000000066000000 - 0x000000006670f000 	C:\Program Files\Java\jre7\bin\server\jvm.dll
0x000007fef82c0000 - 0x000007fef82c9000 	C:\Windows\system32\WSOCK32.dll
0x000007fefe0f0000 - 0x000007fefe13d000 	C:\Windows\system32\WS2_32.dll
0x000007fefec10000 - 0x000007fefec18000 	C:\Windows\system32\NSI.dll
0x000007fefa2a0000 - 0x000007fefa2db000 	C:\Windows\system32\WINMM.dll
0x0000000077810000 - 0x0000000077817000 	C:\Windows\system32\PSAPI.DLL
0x000000006edc0000 - 0x000000006edcf000 	C:\Program Files\Java\jre7\bin\verify.dll
0x000000006e450000 - 0x000000006e478000 	C:\Program Files\Java\jre7\bin\java.dll
0x000000006e0c0000 - 0x000000006e0f5000 	C:\Program Files\Java\jre7\bin\jdwp.dll
0x000000006e1c0000 - 0x000000006e1c8000 	C:\Program Files\Java\jre7\bin\npt.dll
0x000000006e430000 - 0x000000006e445000 	C:\Program Files\Java\jre7\bin\zip.dll
0x000000006e570000 - 0x000000006e579000 	C:\Program Files\Java\jre7\bin\dt_socket.dll
0x000007fef9ad0000 - 0x000007fef9ae5000 	C:\Windows\system32\NLAapi.dll
0x000007fef7eb0000 - 0x000007fef7ec5000 	C:\Windows\system32\napinsp.dll
0x000007fef7e90000 - 0x000007fef7ea9000 	C:\Windows\system32\pnrpnsp.dll
0x000007fefbe80000 - 0x000007fefbed5000 	C:\Windows\System32\mswsock.dll
0x000007fefbd00000 - 0x000007fefbd5b000 	C:\Windows\system32\DNSAPI.dll
0x000007fef7e80000 - 0x000007fef7e8b000 	C:\Windows\System32\winrnr.dll
0x000007fef8080000 - 0x000007fef80af000 	C:\Program Files\Common Files\Microsoft Shared\Windows Live\WLIDNSP.DLL
0x000000006fa90000 - 0x000000006fab6000 	C:\Program Files\Bonjour\mdnsNSP.dll
0x000007fef9920000 - 0x000007fef9947000 	C:\Windows\system32\Iphlpapi.DLL
0x000007fef9910000 - 0x000007fef991b000 	C:\Windows\system32\WINNSI.DLL
0x000007fef7e30000 - 0x000007fef7e40000 	C:\Windows\system32\wshbth.dll
0x000007fef97a0000 - 0x000007fef97f3000 	C:\Windows\System32\fwpuclnt.dll
0x000007fef8070000 - 0x000007fef8078000 	C:\Windows\system32\rasadhlp.dll
0x000007fefb7f0000 - 0x000007fefb7f7000 	C:\Windows\System32\wshtcpip.dll
0x0000000069b20000 - 0x0000000069cb5000 	C:\Program Files\Java\jre7\bin\awt.dll
0x000007fefe3f0000 - 0x000007fefe4c7000 	C:\Windows\system32\OLEAUT32.dll
0x000007fefe830000 - 0x000007fefea33000 	C:\Windows\system32\ole32.dll
0x000007fefb000000 - 0x000007fefb056000 	C:\Windows\system32\uxtheme.dll
0x000007fefabd0000 - 0x000007fefabe8000 	C:\Windows\system32\dwmapi.dll
0x000007fefc540000 - 0x000007fefc54f000 	C:\Windows\system32\CRYPTBASE.dll
0x000007fee7aa0000 - 0x000007fee7c9f000 	C:\Windows\system32\d3d9.dll
0x000007fefb6d0000 - 0x000007fefb6dc000 	C:\Windows\system32\VERSION.dll
0x000007fefa3b0000 - 0x000007fefa3b7000 	C:\Windows\system32\d3d8thk.dll
0x000000006ecd0000 - 0x000000006edaa000 	C:\Windows\system32\aticfx64.dll
0x000007fefa760000 - 0x000007fefa76d000 	C:\Windows\system32\atiu9p64.dll
0x000000005c430000 - 0x000000005c967000 	C:\Windows\system32\atiumd64.dll
0x000000005f9d0000 - 0x000000005fdb1000 	C:\Windows\system32\atiumd6a.dll
0x000007fefd190000 - 0x000007fefdf18000 	C:\Windows\system32\SHELL32.dll
0x000000006e150000 - 0x000000006e18f000 	C:\Program Files\Java\jre7\bin\fontmanager.dll
0x000000006e2c0000 - 0x000000006e2d9000 	C:\Program Files\Java\jre7\bin\net.dll
0x000007fefbe70000 - 0x000007fefbe77000 	C:\Windows\System32\wship6.dll
0x000000006e2a0000 - 0x000000006e2b1000 	C:\Program Files\Java\jre7\bin\nio.dll
0x0000000068250000 - 0x0000000068291000 	C:\Program Files\Java\jre7\bin\t2k.dll
0x000007fefca40000 - 0x000007fefcad9000 	C:\Windows\system32\CLBCatQ.DLL
0x000007fefaa20000 - 0x000007fefab81000 	C:\Windows\system32\WindowsCodecs.dll
0x000007fefc4e0000 - 0x000007fefc537000 	C:\Windows\system32\apphelp.dll
0x000007fef9180000 - 0x000007fef91bf000 	C:\Users\bill\AppData\Local\Microsoft\SkyDrive\17.0.2015.0811\amd64\SkyDriveShell64.dll
0x000007fef7040000 - 0x000007fef70e7000 	C:\Users\bill\AppData\Local\Microsoft\SkyDrive\17.0.2015.0811\amd64\MSVCP110.dll
0x000007fef4510000 - 0x000007fef45de000 	C:\Users\bill\AppData\Local\Microsoft\SkyDrive\17.0.2015.0811\amd64\MSVCR110.dll
0x000007fefe1c0000 - 0x000007fefe3ed000 	C:\Windows\system32\WININET.dll
0x000007fefca30000 - 0x000007fefca34000 	C:\Windows\system32\api-ms-win-downlevel-user32-l1-1-0.dll
0x000007fefc870000 - 0x000007fefc875000 	C:\Windows\system32\api-ms-win-downlevel-advapi32-l1-1-0.dll
0x000007fefc790000 - 0x000007fefc794000 	C:\Windows\system32\api-ms-win-downlevel-shlwapi-l1-1-0.dll
0x000007fefc7b0000 - 0x000007fefc7b4000 	C:\Windows\system32\api-ms-win-downlevel-version-l1-1-0.dll
0x000007fefc7a0000 - 0x000007fefc7a3000 	C:\Windows\system32\api-ms-win-downlevel-normaliz-l1-1-0.dll
0x0000000077820000 - 0x0000000077823000 	C:\Windows\system32\normaliz.DLL
0x000007fefcf00000 - 0x000007fefd18c000 	C:\Windows\system32\iertutil.dll
0x000007fef7a40000 - 0x000007fef7a75000 	C:\Windows\system32\EhStorShell.dll
0x000007fefe4d0000 - 0x000007fefe6a7000 	C:\Windows\system32\SETUPAPI.dll
0x000007fefc730000 - 0x000007fefc766000 	C:\Windows\system32\CFGMGR32.dll
0x000007fefc770000 - 0x000007fefc78a000 	C:\Windows\system32\DEVOBJ.dll
0x000007fefb060000 - 0x000007fefb18c000 	C:\Windows\system32\PROPSYS.dll
0x000007fef04f0000 - 0x000007fef05b0000 	C:\Program Files (x86)\Google\Drive\googledrivesync64.dll
0x0000000071340000 - 0x0000000071413000 	C:\Windows\WinSxS\amd64_microsoft.vc90.crt_1fc8b3b9a1e18e3b_9.0.30729.6161_none_08e61857a83bc251\MSVCP90.dll
0x0000000071420000 - 0x00000000714c3000 	C:\Windows\WinSxS\amd64_microsoft.vc90.crt_1fc8b3b9a1e18e3b_9.0.30729.6161_none_08e61857a83bc251\MSVCR90.dll
0x000007fef5530000 - 0x000007fef55b0000 	C:\Windows\system32\ntshrui.dll
0x000007fefc260000 - 0x000007fefc283000 	C:\Windows\system32\srvcli.dll
0x000007fef7610000 - 0x000007fef761f000 	C:\Windows\system32\cscapi.dll
0x000007fef99f0000 - 0x000007fef99fb000 	C:\Windows\system32\slc.dll
0x0000000180000000 - 0x0000000180025000 	C:\Users\bill\EclipseWorkspace\RXTX\lib\rxtxSerial.dll
0x000000006e1a0000 - 0x000000006e1a7000 	C:\Program Files\Java\jre7\bin\jawt.dll
0x0000000005f90000 - 0x0000000005fce000 	C:\Program Files\Java\Java3D\1.5.2\bin\j3dcore-ogl.dll
0x000007feec170000 - 0x000007feec28d000 	C:\Windows\system32\OPENGL32.dll
0x000007feef1b0000 - 0x000007feef1dd000 	C:\Windows\system32\GLU32.dll
0x000007feeef70000 - 0x000007feef061000 	C:\Windows\system32\DDRAW.dll
0x000007fef9ca0000 - 0x000007fef9ca8000 	C:\Windows\system32\DCIMAN32.dll
0x0000000069a80000 - 0x0000000069ab0000 	C:\Program Files\Java\jre7\bin\jpeg.dll
0x000000006e120000 - 0x000000006e14a000 	C:\Program Files\Java\jre7\bin\dcpr.dll
0x000007fef9820000 - 0x000007fef9829000 	C:\Windows\system32\atig6pxx.dll
0x00000000150f0000 - 0x00000000168f1000 	C:\Windows\system32\atio6axx.dll
0x000007fef6cf0000 - 0x000007fef6cfe000 	C:\Windows\system32\atig6txx.dll
0x000000000c330000 - 0x000000000c3b2000 	C:\Windows\system32\atiadlxx.dll
0x000007fefb910000 - 0x000007fefb92e000 	C:\Windows\system32\USERENV.dll
0x000007fefc610000 - 0x000007fefc61f000 	C:\Windows\system32\profapi.dll
0x000007fefb7d0000 - 0x000007fefb7e1000 	C:\Windows\system32\WTSAPI32.dll
0x000007fefc880000 - 0x000007fefc8b9000 	C:\Windows\system32\WINTRUST.dll
0x000007fefc8c0000 - 0x000007fefca2a000 	C:\Windows\system32\CRYPT32.dll
0x000007fefc6b0000 - 0x000007fefc6bf000 	C:\Windows\system32\MSASN1.dll
0x000007fef7c90000 - 0x000007fef7db5000 	C:\Windows\system32\dbghelp.dll

VM Arguments:
jvm_args: -agentlib:jdwp=transport=dt_socket,suspend=y,address=localhost:57515 -Djava.library.path=C:\Program Files\Java\Java3D\1.5.2\bin;C:\Users\bill\EclipseWorkspace\RXTX\lib -Dfile.encoding=Cp1252 
java_command: unimod.Main
Launcher Type: SUN_STANDARD

Environment Variables:
PATH=C:\Program Files (x86)\AMD APP\bin\x86_64;C:\Program Files (x86)\AMD APP\bin\x86;C:\Program Files\Common Files\Microsoft Shared\Windows Live;C:\Program Files (x86)\Common Files\Microsoft Shared\Windows Live;C:\Windows\system32;C:\Windows;C:\Windows\System32\Wbem;C:\Windows\System32\WindowsPowerShell\v1.0\;C:\Program Files (x86)\Windows Live\Shared;C:\Program Files (x86)\ATI Technologies\ATI.ACE\Core-Static;C:\Program Files (x86)\Calibre2\;C:\Program Files\MATLAB\R2012a\runtime\win64;C:\Program Files\MATLAB\R2012a\bin;C:\Program Files (x86)\IVI\bin;C:\Program Files (x86)\IVI Foundation\VISA\WinNT\Bin;C:\PROGRA~2\IVIFOU~1\VISA\WinNT\Bin;C:\Program Files (x86)\UltraVPN\bin
USERNAME=bill
OS=Windows_NT
PROCESSOR_IDENTIFIER=AMD64 Family 18 Model 1 Stepping 0, AuthenticAMD



---------------  S Y S T E M  ---------------

OS: Windows 7 , 64 bit Build 7601 Service Pack 1

CPU:total 4 (4 cores per cpu, 1 threads per core) family 18 model 1 stepping 0, cmov, cx8, fxsr, mmx, sse, sse2, sse3, popcnt, mmxext, 3dnowpref, lzcnt, sse4a, tsc, tscinvbit, tscinv

Memory: 4k page, physical 5744032k(2292528k free), swap 11486204k(7325156k free)

vm_info: Java HotSpot(TM) 64-Bit Server VM (23.25-b01) for windows-amd64 JRE (1.7.0_25-b17), built on Jun 21 2013 12:58:32 by "java_re" with unknown MS VC++:1600

time: Mon Mar 10 12:24:56 2014
elapsed time: 4078 seconds

